<?xml version="1.0" encoding="UTF-8"?>
<!-- Generated by org.testng.reporters.JUnitReportReporter -->
<testsuite hostname="LAPTOP-RM22RMF8" failures="0" tests="1" name="KiteTest_TestNg.KiteTestPropertyFile" time="3.635" errors="0" timestamp="2022-07-22T11:30:07 IST" skipped="0">
  <testcase classname="KiteTest_TestNg.KiteTestPropertyFile" name="validateUser_Id" time="3.635"/>
  <system-out/>
</testsuite> <!-- KiteTest_TestNg.KiteTestPropertyFile -->
